#
# There is insufficient memory for the Java Runtime Environment to continue.
# Native memory allocation (malloc) failed to allocate 1048576 bytes for AllocateHeap
# Possible reasons:
#   The system is out of physical RAM or swap space
#   The process is running with CompressedOops enabled, and the Java Heap may be blocking the growth of the native heap
# Possible solutions:
#   Reduce memory load on the system
#   Increase physical memory or swap space
#   Check if swap backing store is full
#   Decrease Java heap size (-Xmx/-Xms)
#   Decrease number of Java threads
#   Decrease Java thread stack sizes (-Xss)
#   Set larger code cache with -XX:ReservedCodeCacheSize=
#   JVM is running with Unscaled Compressed Oops mode in which the Java heap is
#     placed in the first 4GB address space. The Java Heap base address is the
#     maximum limit for the native heap growth. Please use -XX:HeapBaseMinAddress
#     to set the Java Heap base and to place the Java Heap above 4GB virtual address.
# This output file may be truncated or incomplete.
#
#  Out of Memory Error (memory/allocation.inline.hpp:61), pid=3208, tid=0x0000000000005e18
#
# JRE version:  (8.0_231-b11) (build )
# Java VM: Java HotSpot(TM) 64-Bit Server VM (25.231-b11 mixed mode windows-amd64 compressed oops)
# Failed to write core dump. Minidumps are not enabled by default on client versions of Windows
#

---------------  T H R E A D  ---------------

Current thread (0x0000000002fb6800):  JavaThread "Unknown thread" [_thread_in_vm, id=24088, stack(0x0000000002e60000,0x0000000002f60000)]

Stack: [0x0000000002e60000,0x0000000002f60000]
[error occurred during error reporting (printing stack bounds), id 0xc0000005]

Native frames: (J=compiled Java code, j=interpreted, Vv=VM code, C=native code)


---------------  P R O C E S S  ---------------

Java Threads: ( => current thread )

Other Threads:

=>0x0000000002fb6800 (exited) JavaThread "Unknown thread" [_thread_in_vm, id=24088, stack(0x0000000002e60000,0x0000000002f60000)]

VM state:not at safepoint (normal execution)

VM Mutex/Monitor currently owned by a thread: None

heap address: 0x0000000081a00000, size: 2022 MB, Compressed Oops mode: 32-bit
Narrow klass base: 0x0000000000000000, Narrow klass shift: 3
Compressed class space size: 1073741824 Address: 0x0000000100000000

Heap:
 PSYoungGen      total 38400K, used 665K [0x00000000d5e00000, 0x00000000d8880000, 0x0000000100000000)
  eden space 33280K, 2% used [0x00000000d5e00000,0x00000000d5ea6670,0x00000000d7e80000)
  from space 5120K, 0% used [0x00000000d8380000,0x00000000d8380000,0x00000000d8880000)
  to   space 5120K, 0% used [0x00000000d7e80000,0x00000000d7e80000,0x00000000d8380000)
 ParOldGen       total 87552K, used 0K [0x0000000081a00000, 0x0000000086f80000, 0x00000000d5e00000)
  object space 87552K, 0% used [0x0000000081a00000,0x0000000081a00000,0x0000000086f80000)
 Metaspace       used 776K, capacity 4480K, committed 4480K, reserved 1056768K
  class space    used 76K, capacity 384K, committed 384K, reserved 1048576K

Card table byte_map: [0x0000000012620000,0x0000000012a20000] byte_map_base: 0x0000000012213000

Marking Bits: (ParMarkBitMap*) 0x0000000058176d90
 Begin Bits: [0x00000000130d0000, 0x0000000015068000)
 End Bits:   [0x0000000015068000, 0x0000000017000000)

Polling page: 0x0000000001170000

CodeCache: size=245760Kb used=328Kb max_used=328Kb free=245431Kb
 bounds [0x0000000003260000, 0x00000000034d0000, 0x0000000012260000]
 total_blobs=58 nmethods=0 adapters=38
 compilation: enabled

Compilation events (0 events):
No events

GC Heap History (0 events):
No events

Deoptimization events (0 events):
No events

Classes redefined (0 events):
No events

Internal exceptions (0 events):
No events

Events (10 events):
Event: 0.129 loading class java/lang/Short
Event: 0.129 loading class java/lang/Short done
Event: 0.129 loading class java/lang/Integer
Event: 0.130 loading class java/lang/Integer done
Event: 0.130 loading class java/lang/Long
Event: 0.130 loading class java/lang/Long done
Event: 0.132 loading class java/lang/NullPointerException
Event: 0.132 loading class java/lang/NullPointerException done
Event: 0.132 loading class java/lang/ArithmeticException
Event: 0.132 loading class java/lang/ArithmeticException done


Dynamic libraries:
0x00007ff732f80000 - 0x00007ff732fb7000 	C:\Program Files\Java\jdk1.8.0_231\bin\java.exe
0x00007fff21920000 - 0x00007fff21b10000 	C:\WINDOWS\SYSTEM32\ntdll.dll
0x00007fff1fe80000 - 0x00007fff1ff32000 	C:\WINDOWS\System32\KERNEL32.DLL
0x00007fff1e9f0000 - 0x00007fff1ec93000 	C:\WINDOWS\System32\KERNELBASE.dll
0x00007fff21690000 - 0x00007fff21733000 	C:\WINDOWS\System32\ADVAPI32.dll
0x00007fff211e0000 - 0x00007fff2127e000 	C:\WINDOWS\System32\msvcrt.dll
0x00007fff20860000 - 0x00007fff208f7000 	C:\WINDOWS\System32\sechost.dll
0x00007fff20ff0000 - 0x00007fff21110000 	C:\WINDOWS\System32\RPCRT4.dll
0x00007fff20610000 - 0x00007fff207a4000 	C:\WINDOWS\System32\USER32.dll
0x00007fff1e910000 - 0x00007fff1e931000 	C:\WINDOWS\System32\win32u.dll
0x00007fff1f9d0000 - 0x00007fff1f9f6000 	C:\WINDOWS\System32\GDI32.dll
0x00007fff1ef60000 - 0x00007fff1f0f4000 	C:\WINDOWS\System32\gdi32full.dll
0x00007fff1edf0000 - 0x00007fff1ee8e000 	C:\WINDOWS\System32\msvcp_win.dll
0x00007fff1f8d0000 - 0x00007fff1f9ca000 	C:\WINDOWS\System32\ucrtbase.dll
0x00007fff0cc80000 - 0x00007fff0cf05000 	C:\WINDOWS\WinSxS\amd64_microsoft.windows.common-controls_6595b64144ccf1df_6.0.18362.592_none_e6c0b1911312be02\COMCTL32.dll
0x00007fff202d0000 - 0x00007fff20606000 	C:\WINDOWS\System32\combase.dll
0x00007fff1eeb0000 - 0x00007fff1ef30000 	C:\WINDOWS\System32\bcryptPrimitives.dll
0x00007fff213e0000 - 0x00007fff2140e000 	C:\WINDOWS\System32\IMM32.DLL
0x0000000001120000 - 0x0000000001131000 	C:\WINDOWS\System32\umppc10504.dll
0x0000000058200000 - 0x00000000582d2000 	C:\Program Files\Java\jdk1.8.0_231\jre\bin\msvcr100.dll
0x0000000057950000 - 0x00000000581f6000 	C:\Program Files\Java\jdk1.8.0_231\jre\bin\server\jvm.dll
0x00007fff1ff40000 - 0x00007fff1ff48000 	C:\WINDOWS\System32\PSAPI.DLL
0x00007fff1d280000 - 0x00007fff1d289000 	C:\WINDOWS\SYSTEM32\WSOCK32.dll
0x00007fff21870000 - 0x00007fff218df000 	C:\WINDOWS\System32\WS2_32.dll
0x00007fff1c5a0000 - 0x00007fff1c5c4000 	C:\WINDOWS\SYSTEM32\WINMM.dll
0x00007fff11fc0000 - 0x00007fff11fca000 	C:\WINDOWS\SYSTEM32\VERSION.dll
0x00007fff1c570000 - 0x00007fff1c59d000 	C:\WINDOWS\SYSTEM32\WINMMBASE.dll
0x00007fff1f100000 - 0x00007fff1f14a000 	C:\WINDOWS\System32\cfgmgr32.dll
0x00007fff16f40000 - 0x00007fff16f4f000 	C:\Program Files\Java\jdk1.8.0_231\jre\bin\verify.dll
0x00007fff0b090000 - 0x00007fff0b0b9000 	C:\Program Files\Java\jdk1.8.0_231\jre\bin\java.dll
0x00007fff128c0000 - 0x00007fff128e3000 	C:\Program Files\Java\jdk1.8.0_231\jre\bin\instrument.dll
0x00007fff0f890000 - 0x00007fff0f8a6000 	C:\Program Files\Java\jdk1.8.0_231\jre\bin\zip.dll

VM Arguments:
jvm_args: -XX:TieredStopAtLevel=1 -Xverify:none -Dspring.output.ansi.enabled=always -Dcom.sun.management.jmxremote -Dspring.jmx.enabled=true -Dspring.liveBeansView.mbeanDomain -Dspring.application.admin.enabled=true -javaagent:C:\Program Files\JetBrains\IntelliJ IDEA 2019.3.3\lib\idea_rt.jar=59712:C:\Program Files\JetBrains\IntelliJ IDEA 2019.3.3\bin -Dfile.encoding=UTF-8 
java_command: com.example.mlp.MlpApplication
java_class_path (initial): C:\Program Files\Java\jdk1.8.0_231\jre\lib\charsets.jar;C:\Program Files\Java\jdk1.8.0_231\jre\lib\deploy.jar;C:\Program Files\Java\jdk1.8.0_231\jre\lib\ext\access-bridge-64.jar;C:\Program Files\Java\jdk1.8.0_231\jre\lib\ext\cldrdata.jar;C:\Program Files\Java\jdk1.8.0_231\jre\lib\ext\dnsns.jar;C:\Program Files\Java\jdk1.8.0_231\jre\lib\ext\jaccess.jar;C:\Program Files\Java\jdk1.8.0_231\jre\lib\ext\jfxrt.jar;C:\Program Files\Java\jdk1.8.0_231\jre\lib\ext\localedata.jar;C:\Program Files\Java\jdk1.8.0_231\jre\lib\ext\nashorn.jar;C:\Program Files\Java\jdk1.8.0_231\jre\lib\ext\sunec.jar;C:\Program Files\Java\jdk1.8.0_231\jre\lib\ext\sunjce_provider.jar;C:\Program Files\Java\jdk1.8.0_231\jre\lib\ext\sunmscapi.jar;C:\Program Files\Java\jdk1.8.0_231\jre\lib\ext\sunpkcs11.jar;C:\Program Files\Java\jdk1.8.0_231\jre\lib\ext\zipfs.jar;C:\Program Files\Java\jdk1.8.0_231\jre\lib\javaws.jar;C:\Program Files\Java\jdk1.8.0_231\jre\lib\jce.jar;C:\Program Files\Java\jdk1.8.0_231\jre\lib\jfr.jar;C:\Program Files\Java\jdk1.8.0_231\jre\lib\jfxswt.jar;C:\Program Files\Java\jdk1.8.0_231\jre\lib\jsse.jar;C:\Program Files\Java\jdk1.8.0_231\jre\lib\management-agent.jar;C:\Program Files\Java\jdk1.8.0_231\jre\lib\plugin.jar;C:\Program Files\Java\jdk1.8.0_231\jre\lib\resources.jar;C:\Program Files\Java\jdk1.8.0_231\jre\lib\rt.jar;C:\Users\HC456698\Downloads\mlp\target\classes;C:\Users\HC456698\.m2\repository\org\springframework\boot\spring-boot-starter-data-jpa\2.2.4.RELEASE\spring-boot-starter-data-jpa-2.2.4.RELEASE.jar;C:\Users\HC456698\.m2\repository\org\springframework\boot\spring-boot-starter-aop\2.2.4.RELEASE\spring-boot-starter-aop-2.2.4.RELEASE.jar;C:\Users\HC456698\.m2\repository\org\springframework\spring-aop\5.2.3.RELEASE\spring-aop-5.2.3.RELEASE.jar;C:\Users\HC456698\.m2\repository\org\aspectj\aspectjweaver\1.9.5\aspectjweaver-1.9.5.jar;C:\Users\HC456698\.m2\repository\org\springframework\boot\spring-boot-starter-jdbc\2.2.4.RELEASE\spring-boot-starter-jdb
Launcher Type: SUN_STANDARD

Environment Variables:
JAVA_HOME=C:\Program Files\Java\jdk1.8.0_231
PATH=C:\Program Files (x86)\Common Files\Oracle\Java\javapath;C:\ProgramData\DockerDesktop\version-bin;C:\Program Files\Docker\Docker\Resources\bin;C:\windows\system32;C:\windows;C:\windows\System32\Wbem;C:\windows\System32\WindowsPowerShell\v1.0\;C:\windows\System32\OpenSSH\;C:\Users\Administrator\AppData\Local\Microsoft\WindowsApps;C:\Program Files (x86)\DSW\IT Tools\ConfigMgr Tools\ClientTools;C:\Users\Administrator\AppData\Local\Microsoft\WindowsApps;C:\Program Files\DSW\IT Tools\SysinternalsSuite;C:\Program Files\nodejs\;C:\Users\HC456698\.dnx\bin;C:\Program Files\Microsoft DNX\Dnvm\;C:\Program Files\Microsoft SQL Server\130\Tools\Binn\;C:\ORACLE\product\11.2.0\client_1\bin;C:\Program Files\Java\jdk1.8.0_231\bin;C:\Program Files\apache-maven-3.6.3\bin;C:\Users\HC456698\AppData\Local\Microsoft\WindowsApps;C:\Users\HC456698\AppData\Local\Programs\Microsoft VS Code\bin;C:\Users\HC456698\AppData\Roaming\npm;C:\Users\HC456698\AppData\Local\Programs\Git\cmd
USERNAME=HC456698
OS=Windows_NT
PROCESSOR_IDENTIFIER=Intel64 Family 6 Model 78 Stepping 3, GenuineIntel



---------------  S Y S T E M  ---------------

OS: Windows 10.0 , 64 bit Build 18362 (10.0.18362.329)

CPU:total 4 (initial active 4) (2 cores per cpu, 2 threads per core) family 6 model 78 stepping 3, cmov, cx8, fxsr, mmx, sse, sse2, sse3, ssse3, sse4.1, sse4.2, popcnt, avx, avx2, aes, clmul, erms, rtm, 3dnowpref, lzcnt, ht, tsc, tscinvbit, bmi1, bmi2, adx

Memory: 4k page, physical 8277948k(360208k free), swap 23786808k(188024k free)

vm_info: Java HotSpot(TM) 64-Bit Server VM (25.231-b11) for windows-amd64 JRE (1.8.0_231-b11), built on Oct  5 2019 03:11:30 by "java_re" with MS VC++ 10.0 (VS2010)

time: Fri Feb 14 10:33:47 2020
timezone: Eastern Standard Time
elapsed time: 0 seconds (0d 0h 0m 0s)

